<?xml version="1.0" encoding="UTF-8"?>
<!-- Generated by org.testng.reporters.JUnitXMLReporter -->
<testsuite ignored="0" hostname="Asus_Deepak" failures="0" tests="3" name="Surefire test" time="5.814" errors="0" timestamp="2025-07-01T19:43:22 IST">
  <testcase classname="com.DeepakSalla.tests.api.ExampleApiTest" name="getPostById" time="1.628"/>
  <testcase classname="com.DeepakSalla.tests.db.ExampleDbTest" name="verifyUserInDb" time="0.008"/>
  <testcase classname="com.DeepakSalla.tests.ui.ExampleUiTest" name="openExampleDotCom" time="0.898"/>
</testsuite> <!-- Surefire test -->
